[2020-03-05 08:10:45] __rvm_make
__rvm_make () 
{ 
    \make "$@" || return $?
}
current path: /home/maksim/.rvm/src/ruby-2.7.0-preview1
PATH=/usr/local/sbin:/usr/local/bin:/usr/sbin:/usr/bin:/sbin:/bin:/usr/games:/usr/local/games:/snap/bin:/home/maksim/.rvm/bin:/home/maksim/.rvm/bin
command(2): __rvm_make -j1
+++ make -j1
	BASERUBY = echo executable host ruby is required.  use --with-baseruby option.; false
	CC = gcc
	LD = ld
	LDSHARED = gcc -shared
	CFLAGS = -O3 -ggdb3 -Wall -Wextra -Werror=deprecated-declarations -Werror=duplicated-cond -Werror=implicit-function-declaration -Werror=implicit-int -Werror=misleading-indentation -Werror=pointer-arith -Werror=write-strings -Wimplicit-fallthrough=0 -Wmissing-noreturn -Wno-cast-function-type -Wno-constant-logical-operand -Wno-long-long -Wno-missing-field-initializers -Wno-overlength-strings -Wno-packed-bitfield-compat -Wno-parentheses-equality -Wno-self-assign -Wno-tautological-compare -Wno-unused-parameter -Wno-unused-value -Wsuggest-attribute=format -Wsuggest-attribute=noreturn -Wunused-variable -std=gnu99  -fPIC 
	XCFLAGS = -D_FORTIFY_SOURCE=2 -fstack-protector-strong -fno-strict-overflow -DRUBY_DEVEL=1 -fvisibility=hidden -fexcess-precision=standard -DRUBY_EXPORT -DCANONICALIZATION_FOR_MATHN
	CPPFLAGS =   -I. -I.ext/include/x86_64-linux -I./include -I. -I./enc/unicode/12.1.0 
	DLDFLAGS = -Wl,--compress-debug-sections=zlib -Wl,-soname,libruby.so.2.7  -fstack-protector-strong  
	SOLIBS = -lz -lpthread -lrt -lrt -lgmp -ldl -lcrypt -lm 
	LANG = en_US.UTF-8
	LC_ALL = 
	LC_CTYPE = 
gcc (Ubuntu 9.2.1-9ubuntu2) 9.2.1 20191008
Copyright (C) 2019 Free Software Foundation, Inc.
This is free software; see the source for copying conditions.  There is NO
warranty; not even for MERCHANTABILITY or FITNESS FOR A PARTICULAR PURPOSE.

compiling ./main.c
compiling dmydln.c
compiling miniinit.c
compiling dmyext.c
compiling miniprelude.c
making dummy probes.h
compiling array.c
compiling ast.c
compiling bignum.c
compiling class.c
In file included from ./include/ruby.h:33,
                 from internal.h:15,
                 from class.c:26:
class.c: In function ‘move_refined_method’:
class.c:963:23: warning: taking address of packed member of ‘struct rb_method_definition_struct’ may result in an unaligned pointer value [-Waddress-of-packed-member]
  963 |      RB_OBJ_WRITE(me, &me->def->body.refined.orig_me, NULL);
./include/ruby/ruby.h:1504:75: note: in definition of macro ‘RB_OBJ_WRITE’
 1504 | #define RB_OBJ_WRITE(a, slot, b)       rb_obj_write((VALUE)(a), (VALUE *)(slot), (VALUE)(b), __FILE__, __LINE__)
      |                                                                           ^~~~
class.c: At top level:
cc1: warning: unrecognized command line option ‘-Wno-self-assign’
cc1: warning: unrecognized command line option ‘-Wno-parentheses-equality’
cc1: warning: unrecognized command line option ‘-Wno-constant-logical-operand’
compiling compar.c
compiling compile.c
compile.c: In function ‘update_catch_except_flags’:
compile.c:1266:54: warning: taking address of packed member of ‘struct iseq_catch_table’ may result in an unaligned pointer value [-Waddress-of-packed-member]
 1266 |         const struct iseq_catch_table_entry *entry = &ct->entries[i];
      |                                                      ^~~~~~~~~~~~~~~
compile.c: In function ‘iseq_set_exception_table’:
compile.c:2325:14: warning: taking address of packed member of ‘struct iseq_catch_table’ may result in an unaligned pointer value [-Waddress-of-packed-member]
 2325 |      entry = &table->entries[i];
      |              ^~~~~~~~~~~~~~~~~~
compile.c: At top level:
cc1: warning: unrecognized command line option ‘-Wno-self-assign’
cc1: warning: unrecognized command line option ‘-Wno-parentheses-equality’
cc1: warning: unrecognized command line option ‘-Wno-constant-logical-operand’
compiling complex.c
compiling cont.c
compiling debug.c
compiling debug_counter.c
compiling dir.c
compiling dln_find.c
compiling encoding.c
compiling enum.c
compiling enumerator.c
compiling error.c
compiling eval.c
compiling file.c
compiling gc.c
compiling hash.c
compiling inits.c
compiling io.c
compiling iseq.c
iseq.c: In function ‘rb_iseq_update_references’:
iseq.c:259:25: warning: taking address of packed member of ‘struct iseq_catch_table’ may result in an unaligned pointer value [-Waddress-of-packed-member]
  259 |                 entry = &table->entries[i];
      |                         ^~~~~~~~~~~~~~~~~~
iseq.c: In function ‘rb_iseq_mark’:
iseq.c:318:11: warning: taking address of packed member of ‘struct iseq_catch_table’ may result in an unaligned pointer value [-Waddress-of-packed-member]
  318 |   entry = &table->entries[i];
      |           ^~~~~~~~~~~~~~~~~~
iseq.c: In function ‘rb_iseq_disasm_recursive’:
iseq.c:2141:51: warning: taking address of packed member of ‘struct iseq_catch_table’ may result in an unaligned pointer value [-Waddress-of-packed-member]
 2141 |      const struct iseq_catch_table_entry *entry = &body->catch_table->entries[i];
      |                                                   ^~~~~~~~~~~~~~~~~~~~~~~~~~~~~~
iseq.c: In function ‘iseq_iterate_children’:
iseq.c:2275:58: warning: taking address of packed member of ‘struct iseq_catch_table’ may result in an unaligned pointer value [-Waddress-of-packed-member]
 2275 |             const struct iseq_catch_table_entry *entry = &body->catch_table->entries[i];
      |                                                          ^~~~~~~~~~~~~~~~~~~~~~~~~~~~~~
iseq.c: In function ‘iseq_data_to_ary’:
iseq.c:2785:47: warning: taking address of packed member of ‘struct iseq_catch_table’ may result in an unaligned pointer value [-Waddress-of-packed-member]
 2785 |  const struct iseq_catch_table_entry *entry = &iseq_body->catch_table->entries[i];
      |                                               ^~~~~~~~~~~~~~~~~~~~~~~~~~~~~~~~~~~
iseq.c: At top level:
cc1: warning: unrecognized command line option ‘-Wno-self-assign’
cc1: warning: unrecognized command line option ‘-Wno-parentheses-equality’
cc1: warning: unrecognized command line option ‘-Wno-constant-logical-operand’
compiling load.c
compiling marshal.c
compiling math.c
making mjit_config.h
compiling mjit.c
compiling mjit_compile.c
compiling node.c
compiling numeric.c
compiling object.c
compiling pack.c
compiling parse.c
compiling proc.c
compiling process.c
compiling random.c
compiling range.c
compiling rational.c
compiling re.c
compiling regcomp.c
compiling regenc.c
compiling regerror.c
compiling regexec.c
compiling regparse.c
compiling regsyntax.c
compiling ruby.c
compiling safe.c
compiling signal.c
compiling sprintf.c
compiling st.c
compiling strftime.c
compiling string.c
compiling struct.c
compiling symbol.c
compiling thread.c
In file included from thread.c:68:
thread_sync.c: In function ‘queue_alloc’:
eval_intern.h:172:64: warning: taking address of packed member of ‘struct rb_queue’ may result in an unaligned pointer value [-Waddress-of-packed-member]
  172 | #define UNALIGNED_MEMBER_PTR(ptr, mem) UNALIGNED_MEMBER_ACCESS(&(ptr)->mem)
eval_intern.h:170:40: note: in definition of macro ‘UNALIGNED_MEMBER_ACCESS’
  170 | # define UNALIGNED_MEMBER_ACCESS(expr) expr
      |                                        ^~~~
thread_sync.c:541:24: note: in expansion of macro ‘UNALIGNED_MEMBER_PTR’
  541 | #define queue_waitq(q) UNALIGNED_MEMBER_PTR(q, waitq)
      |                        ^~~~~~~~~~~~~~~~~~~~
thread_sync.c:586:20: note: in expansion of macro ‘queue_waitq’
  586 |     list_head_init(queue_waitq(q));
      |                    ^~~~~~~~~~~
thread_sync.c: In function ‘queue_fork_check’:
eval_intern.h:172:64: warning: taking address of packed member of ‘struct rb_queue’ may result in an unaligned pointer value [-Waddress-of-packed-member]
  172 | #define UNALIGNED_MEMBER_PTR(ptr, mem) UNALIGNED_MEMBER_ACCESS(&(ptr)->mem)
eval_intern.h:170:40: note: in definition of macro ‘UNALIGNED_MEMBER_ACCESS’
  170 | # define UNALIGNED_MEMBER_ACCESS(expr) expr
      |                                        ^~~~
thread_sync.c:541:24: note: in expansion of macro ‘UNALIGNED_MEMBER_PTR’
  541 | #define queue_waitq(q) UNALIGNED_MEMBER_PTR(q, waitq)
      |                        ^~~~~~~~~~~~~~~~~~~~
thread_sync.c:600:20: note: in expansion of macro ‘queue_waitq’
  600 |     list_head_init(queue_waitq(q));
      |                    ^~~~~~~~~~~
thread_sync.c: In function ‘szqueue_alloc’:
eval_intern.h:172:64: warning: taking address of packed member of ‘struct rb_queue’ may result in an unaligned pointer value [-Waddress-of-packed-member]
  172 | #define UNALIGNED_MEMBER_PTR(ptr, mem) UNALIGNED_MEMBER_ACCESS(&(ptr)->mem)
eval_intern.h:170:40: note: in definition of macro ‘UNALIGNED_MEMBER_ACCESS’
  170 | # define UNALIGNED_MEMBER_ACCESS(expr) expr
      |                                        ^~~~
thread_sync.c:549:27: note: in expansion of macro ‘UNALIGNED_MEMBER_PTR’
  549 | #define szqueue_waitq(sq) UNALIGNED_MEMBER_PTR(sq, q.waitq)
      |                           ^~~~~~~~~~~~~~~~~~~~
thread_sync.c:644:20: note: in expansion of macro ‘szqueue_waitq’
  644 |     list_head_init(szqueue_waitq(sq));
      |                    ^~~~~~~~~~~~~
eval_intern.h:172:64: warning: taking address of packed member of ‘struct rb_szqueue’ may result in an unaligned pointer value [-Waddress-of-packed-member]
  172 | #define UNALIGNED_MEMBER_PTR(ptr, mem) UNALIGNED_MEMBER_ACCESS(&(ptr)->mem)
eval_intern.h:170:40: note: in definition of macro ‘UNALIGNED_MEMBER_ACCESS’
  170 | # define UNALIGNED_MEMBER_ACCESS(expr) expr
      |                                        ^~~~
thread_sync.c:550:27: note: in expansion of macro ‘UNALIGNED_MEMBER_PTR’
  550 | #define szqueue_pushq(sq) UNALIGNED_MEMBER_PTR(sq, pushq)
      |                           ^~~~~~~~~~~~~~~~~~~~
thread_sync.c:645:20: note: in expansion of macro ‘szqueue_pushq’
  645 |     list_head_init(szqueue_pushq(sq));
      |                    ^~~~~~~~~~~~~
thread_sync.c: In function ‘szqueue_ptr’:
eval_intern.h:172:64: warning: taking address of packed member of ‘struct rb_szqueue’ may result in an unaligned pointer value [-Waddress-of-packed-member]
  172 | #define UNALIGNED_MEMBER_PTR(ptr, mem) UNALIGNED_MEMBER_ACCESS(&(ptr)->mem)
eval_intern.h:170:40: note: in definition of macro ‘UNALIGNED_MEMBER_ACCESS’
  170 | # define UNALIGNED_MEMBER_ACCESS(expr) expr
      |                                        ^~~~
thread_sync.c:550:27: note: in expansion of macro ‘UNALIGNED_MEMBER_PTR’
  550 | #define szqueue_pushq(sq) UNALIGNED_MEMBER_PTR(sq, pushq)
      |                           ^~~~~~~~~~~~~~~~~~~~
thread_sync.c:656:24: note: in expansion of macro ‘szqueue_pushq’
  656 |         list_head_init(szqueue_pushq(sq));
      |                        ^~~~~~~~~~~~~
thread_sync.c: In function ‘rb_queue_initialize’:
thread_sync.c:757:24: warning: taking address of packed member of ‘struct rb_queue’ may result in an unaligned pointer value [-Waddress-of-packed-member]
  757 |     RB_OBJ_WRITE(self, &q->que, ary_buf_new());
eval_intern.h:170:40: note: in definition of macro ‘UNALIGNED_MEMBER_ACCESS’
  170 | # define UNALIGNED_MEMBER_ACCESS(expr) expr
      |                                        ^~~~
thread_sync.c:757:5: note: in expansion of macro ‘RB_OBJ_WRITE’
  757 |     RB_OBJ_WRITE(self, &q->que, ary_buf_new());
      |     ^~~~~~~~~~~~
eval_intern.h:172:64: warning: taking address of packed member of ‘struct rb_queue’ may result in an unaligned pointer value [-Waddress-of-packed-member]
  172 | #define UNALIGNED_MEMBER_PTR(ptr, mem) UNALIGNED_MEMBER_ACCESS(&(ptr)->mem)
eval_intern.h:170:40: note: in definition of macro ‘UNALIGNED_MEMBER_ACCESS’
  170 | # define UNALIGNED_MEMBER_ACCESS(expr) expr
      |                                        ^~~~
thread_sync.c:541:24: note: in expansion of macro ‘UNALIGNED_MEMBER_PTR’
  541 | #define queue_waitq(q) UNALIGNED_MEMBER_PTR(q, waitq)
      |                        ^~~~~~~~~~~~~~~~~~~~
thread_sync.c:758:20: note: in expansion of macro ‘queue_waitq’
  758 |     list_head_init(queue_waitq(q));
      |                    ^~~~~~~~~~~
thread_sync.c: In function ‘queue_do_push’:
eval_intern.h:172:64: warning: taking address of packed member of ‘struct rb_queue’ may result in an unaligned pointer value [-Waddress-of-packed-member]
  172 | #define UNALIGNED_MEMBER_PTR(ptr, mem) UNALIGNED_MEMBER_ACCESS(&(ptr)->mem)
eval_intern.h:170:40: note: in definition of macro ‘UNALIGNED_MEMBER_ACCESS’
  170 | # define UNALIGNED_MEMBER_ACCESS(expr) expr
      |                                        ^~~~
thread_sync.c:541:24: note: in expansion of macro ‘UNALIGNED_MEMBER_PTR’
  541 | #define queue_waitq(q) UNALIGNED_MEMBER_PTR(q, waitq)
      |                        ^~~~~~~~~~~~~~~~~~~~
thread_sync.c:769:16: note: in expansion of macro ‘queue_waitq’
  769 |     wakeup_one(queue_waitq(q));
      |                ^~~~~~~~~~~
thread_sync.c: In function ‘rb_queue_close’:
eval_intern.h:172:64: warning: taking address of packed member of ‘struct rb_queue’ may result in an unaligned pointer value [-Waddress-of-packed-member]
  172 | #define UNALIGNED_MEMBER_PTR(ptr, mem) UNALIGNED_MEMBER_ACCESS(&(ptr)->mem)
eval_intern.h:170:40: note: in definition of macro ‘UNALIGNED_MEMBER_ACCESS’
  170 | # define UNALIGNED_MEMBER_ACCESS(expr) expr
      |                                        ^~~~
thread_sync.c:541:24: note: in expansion of macro ‘UNALIGNED_MEMBER_PTR’
  541 | #define queue_waitq(q) UNALIGNED_MEMBER_PTR(q, waitq)
      |                        ^~~~~~~~~~~~~~~~~~~~
thread_sync.c:814:13: note: in expansion of macro ‘queue_waitq’
  814 |  wakeup_all(queue_waitq(q));
      |             ^~~~~~~~~~~
In file included from vm_core.h:77,
                 from eval_intern.h:5,
                 from thread.c:68:
thread_sync.c: In function ‘queue_do_pop’:
thread_sync.c:906:20: warning: taking address of packed member of ‘struct rb_queue’ may result in an unaligned pointer value [-Waddress-of-packed-member]
  906 |      list_add_tail(&qw.as.q->waitq, &qw.w.node);
      |                    ^~~~~~~~~~~~~~~
ccan/list/list.h:195:44: note: in definition of macro ‘list_add_tail’
  195 | #define list_add_tail(h, n) list_add_tail_(h, n, LIST_LOC)
      |                                            ^
In file included from thread.c:68:
thread_sync.c: In function ‘rb_szqueue_initialize’:
thread_sync.c:1032:24: warning: taking address of packed member of ‘struct rb_queue’ may result in an unaligned pointer value [-Waddress-of-packed-member]
 1032 |     RB_OBJ_WRITE(self, &sq->q.que, ary_buf_new());
eval_intern.h:170:40: note: in definition of macro ‘UNALIGNED_MEMBER_ACCESS’
  170 | # define UNALIGNED_MEMBER_ACCESS(expr) expr
      |                                        ^~~~
thread_sync.c:1032:5: note: in expansion of macro ‘RB_OBJ_WRITE’
 1032 |     RB_OBJ_WRITE(self, &sq->q.que, ary_buf_new());
      |     ^~~~~~~~~~~~
eval_intern.h:172:64: warning: taking address of packed member of ‘struct rb_queue’ may result in an unaligned pointer value [-Waddress-of-packed-member]
  172 | #define UNALIGNED_MEMBER_PTR(ptr, mem) UNALIGNED_MEMBER_ACCESS(&(ptr)->mem)
eval_intern.h:170:40: note: in definition of macro ‘UNALIGNED_MEMBER_ACCESS’
  170 | # define UNALIGNED_MEMBER_ACCESS(expr) expr
      |                                        ^~~~
thread_sync.c:549:27: note: in expansion of macro ‘UNALIGNED_MEMBER_PTR’
  549 | #define szqueue_waitq(sq) UNALIGNED_MEMBER_PTR(sq, q.waitq)
      |                           ^~~~~~~~~~~~~~~~~~~~
thread_sync.c:1033:20: note: in expansion of macro ‘szqueue_waitq’
 1033 |     list_head_init(szqueue_waitq(sq));
      |                    ^~~~~~~~~~~~~
eval_intern.h:172:64: warning: taking address of packed member of ‘struct rb_szqueue’ may result in an unaligned pointer value [-Waddress-of-packed-member]
  172 | #define UNALIGNED_MEMBER_PTR(ptr, mem) UNALIGNED_MEMBER_ACCESS(&(ptr)->mem)
eval_intern.h:170:40: note: in definition of macro ‘UNALIGNED_MEMBER_ACCESS’
  170 | # define UNALIGNED_MEMBER_ACCESS(expr) expr
      |                                        ^~~~
thread_sync.c:550:27: note: in expansion of macro ‘UNALIGNED_MEMBER_PTR’
  550 | #define szqueue_pushq(sq) UNALIGNED_MEMBER_PTR(sq, pushq)
      |                           ^~~~~~~~~~~~~~~~~~~~
thread_sync.c:1034:20: note: in expansion of macro ‘szqueue_pushq’
 1034 |     list_head_init(szqueue_pushq(sq));
      |                    ^~~~~~~~~~~~~
thread_sync.c: In function ‘rb_szqueue_close’:
eval_intern.h:172:64: warning: taking address of packed member of ‘struct rb_queue’ may result in an unaligned pointer value [-Waddress-of-packed-member]
  172 | #define UNALIGNED_MEMBER_PTR(ptr, mem) UNALIGNED_MEMBER_ACCESS(&(ptr)->mem)
eval_intern.h:170:40: note: in definition of macro ‘UNALIGNED_MEMBER_ACCESS’
  170 | # define UNALIGNED_MEMBER_ACCESS(expr) expr
      |                                        ^~~~
thread_sync.c:549:27: note: in expansion of macro ‘UNALIGNED_MEMBER_PTR’
  549 | #define szqueue_waitq(sq) UNALIGNED_MEMBER_PTR(sq, q.waitq)
      |                           ^~~~~~~~~~~~~~~~~~~~
thread_sync.c:1059:13: note: in expansion of macro ‘szqueue_waitq’
 1059 |  wakeup_all(szqueue_waitq(sq));
      |             ^~~~~~~~~~~~~
eval_intern.h:172:64: warning: taking address of packed member of ‘struct rb_szqueue’ may result in an unaligned pointer value [-Waddress-of-packed-member]
  172 | #define UNALIGNED_MEMBER_PTR(ptr, mem) UNALIGNED_MEMBER_ACCESS(&(ptr)->mem)
eval_intern.h:170:40: note: in definition of macro ‘UNALIGNED_MEMBER_ACCESS’
  170 | # define UNALIGNED_MEMBER_ACCESS(expr) expr
      |                                        ^~~~
thread_sync.c:550:27: note: in expansion of macro ‘UNALIGNED_MEMBER_PTR’
  550 | #define szqueue_pushq(sq) UNALIGNED_MEMBER_PTR(sq, pushq)
      |                           ^~~~~~~~~~~~~~~~~~~~
thread_sync.c:1060:13: note: in expansion of macro ‘szqueue_pushq’
 1060 |  wakeup_all(szqueue_pushq(sq));
      |             ^~~~~~~~~~~~~
thread_sync.c: In function ‘rb_szqueue_max_set’:
eval_intern.h:172:64: warning: taking address of packed member of ‘struct rb_szqueue’ may result in an unaligned pointer value [-Waddress-of-packed-member]
  172 | #define UNALIGNED_MEMBER_PTR(ptr, mem) UNALIGNED_MEMBER_ACCESS(&(ptr)->mem)
eval_intern.h:170:40: note: in definition of macro ‘UNALIGNED_MEMBER_ACCESS’
  170 | # define UNALIGNED_MEMBER_ACCESS(expr) expr
      |                                        ^~~~
thread_sync.c:550:27: note: in expansion of macro ‘UNALIGNED_MEMBER_PTR’
  550 | #define szqueue_pushq(sq) UNALIGNED_MEMBER_PTR(sq, pushq)
      |                           ^~~~~~~~~~~~~~~~~~~~
thread_sync.c:1098:17: note: in expansion of macro ‘szqueue_pushq’
 1098 |     sync_wakeup(szqueue_pushq(sq), diff);
      |                 ^~~~~~~~~~~~~
thread_sync.c: In function ‘rb_szqueue_push’:
eval_intern.h:172:64: warning: taking address of packed member of ‘struct rb_szqueue’ may result in an unaligned pointer value [-Waddress-of-packed-member]
  172 | #define UNALIGNED_MEMBER_PTR(ptr, mem) UNALIGNED_MEMBER_ACCESS(&(ptr)->mem)
eval_intern.h:170:40: note: in definition of macro ‘UNALIGNED_MEMBER_ACCESS’
  170 | # define UNALIGNED_MEMBER_ACCESS(expr) expr
      |                                        ^~~~
thread_sync.c:550:27: note: in expansion of macro ‘UNALIGNED_MEMBER_PTR’
  550 | #define szqueue_pushq(sq) UNALIGNED_MEMBER_PTR(sq, pushq)
      |                           ^~~~~~~~~~~~~~~~~~~~
thread_sync.c:1142:32: note: in expansion of macro ‘szqueue_pushq’
 1142 |      struct list_head *pushq = szqueue_pushq(sq);
      |                                ^~~~~~~~~~~~~
thread_sync.c: In function ‘szqueue_do_pop’:
eval_intern.h:172:64: warning: taking address of packed member of ‘struct rb_szqueue’ may result in an unaligned pointer value [-Waddress-of-packed-member]
  172 | #define UNALIGNED_MEMBER_PTR(ptr, mem) UNALIGNED_MEMBER_ACCESS(&(ptr)->mem)
eval_intern.h:170:40: note: in definition of macro ‘UNALIGNED_MEMBER_ACCESS’
  170 | # define UNALIGNED_MEMBER_ACCESS(expr) expr
      |                                        ^~~~
thread_sync.c:550:27: note: in expansion of macro ‘UNALIGNED_MEMBER_PTR’
  550 | #define szqueue_pushq(sq) UNALIGNED_MEMBER_PTR(sq, pushq)
      |                           ^~~~~~~~~~~~~~~~~~~~
thread_sync.c:1168:13: note: in expansion of macro ‘szqueue_pushq’
 1168 |  wakeup_one(szqueue_pushq(sq));
      |             ^~~~~~~~~~~~~
thread_sync.c: In function ‘rb_szqueue_clear’:
eval_intern.h:172:64: warning: taking address of packed member of ‘struct rb_szqueue’ may result in an unaligned pointer value [-Waddress-of-packed-member]
  172 | #define UNALIGNED_MEMBER_PTR(ptr, mem) UNALIGNED_MEMBER_ACCESS(&(ptr)->mem)
eval_intern.h:170:40: note: in definition of macro ‘UNALIGNED_MEMBER_ACCESS’
  170 | # define UNALIGNED_MEMBER_ACCESS(expr) expr
      |                                        ^~~~
thread_sync.c:550:27: note: in expansion of macro ‘UNALIGNED_MEMBER_PTR’
  550 | #define szqueue_pushq(sq) UNALIGNED_MEMBER_PTR(sq, pushq)
      |                           ^~~~~~~~~~~~~~~~~~~~
thread_sync.c:1207:16: note: in expansion of macro ‘szqueue_pushq’
 1207 |     wakeup_all(szqueue_pushq(sq));
      |                ^~~~~~~~~~~~~
thread.c: At top level:
cc1: warning: unrecognized command line option ‘-Wno-self-assign’
cc1: warning: unrecognized command line option ‘-Wno-parentheses-equality’
cc1: warning: unrecognized command line option ‘-Wno-constant-logical-operand’
compiling time.c
compiling transcode.c
compiling transient_heap.c
compiling util.c
compiling variable.c
./revision.h unchanged
compiling version.c
compiling vm.c
In file included from vm.c:331:
vm_insnhelper.c: In function ‘vm_throw_start’:
vm_insnhelper.c:1204:56: warning: taking address of packed member of ‘struct iseq_catch_table’ may result in an unaligned pointer value [-Waddress-of-packed-member]
 1204 |    const struct iseq_catch_table_entry * const entry = &ct->entries[i];
      |                                                        ^~~~~~~~~~~~~~~
In file included from vm.c:331:
vm_insnhelper.c: In function ‘vm_method_cfunc_entry’:
vm_insnhelper.c:2186:12: warning: taking address of packed member of ‘struct rb_method_definition_struct’ may result in an unaligned pointer value [-Waddress-of-packed-member]
 2186 |     return &me->def->body.cfunc;
      |            ^~~~~~~~~~~~~~~~~~~~
In file included from vm.c:21:
vm_insnhelper.c: In function ‘aliased_callable_method_entry’:
vm_insnhelper.c:2514:23: warning: taking address of packed member of ‘struct rb_method_definition_struct’ may result in an unaligned pointer value [-Waddress-of-packed-member]
 2514 |      RB_OBJ_WRITE(me, &me->def->body.alias.original_me, cme);
eval_intern.h:170:40: note: in definition of macro ‘UNALIGNED_MEMBER_ACCESS’
  170 | # define UNALIGNED_MEMBER_ACCESS(expr) expr
      |                                        ^~~~
vm_insnhelper.c:2514:6: note: in expansion of macro ‘RB_OBJ_WRITE’
 2514 |      RB_OBJ_WRITE(me, &me->def->body.alias.original_me, cme);
      |      ^~~~~~~~~~~~
In file included from vm.c:21:
vm_method.c: In function ‘rb_method_definition_set’:
vm_method.c:241:20: warning: taking address of packed member of ‘struct rb_method_definition_struct’ may result in an unaligned pointer value [-Waddress-of-packed-member]
  241 |   RB_OBJ_WRITE(me, &def->body.iseq.iseqptr, iseq_body->iseqptr);
eval_intern.h:170:40: note: in definition of macro ‘UNALIGNED_MEMBER_ACCESS’
  170 | # define UNALIGNED_MEMBER_ACCESS(expr) expr
      |                                        ^~~~
vm_method.c:241:3: note: in expansion of macro ‘RB_OBJ_WRITE’
  241 |   RB_OBJ_WRITE(me, &def->body.iseq.iseqptr, iseq_body->iseqptr);
      |   ^~~~~~~~~~~~
vm_method.c:252:20: warning: taking address of packed member of ‘struct rb_method_definition_struct’ may result in an unaligned pointer value [-Waddress-of-packed-member]
  252 |   RB_OBJ_WRITE(me, &def->body.iseq.cref, method_cref);
eval_intern.h:170:40: note: in definition of macro ‘UNALIGNED_MEMBER_ACCESS’
  170 | # define UNALIGNED_MEMBER_ACCESS(expr) expr
      |                                        ^~~~
vm_method.c:252:3: note: in expansion of macro ‘RB_OBJ_WRITE’
  252 |   RB_OBJ_WRITE(me, &def->body.iseq.cref, method_cref);
      |   ^~~~~~~~~~~~
eval_intern.h:172:64: warning: taking address of packed member of ‘struct rb_method_definition_struct’ may result in an unaligned pointer value [-Waddress-of-packed-member]
  172 | #define UNALIGNED_MEMBER_PTR(ptr, mem) UNALIGNED_MEMBER_ACCESS(&(ptr)->mem)
eval_intern.h:170:40: note: in definition of macro ‘UNALIGNED_MEMBER_ACCESS’
  170 | # define UNALIGNED_MEMBER_ACCESS(expr) expr
      |                                        ^~~~
vm_method.c:258:29: note: in expansion of macro ‘UNALIGNED_MEMBER_PTR’
  258 |   setup_method_cfunc_struct(UNALIGNED_MEMBER_PTR(def, body.cfunc), cfunc->func, cfunc->argc);
      |                             ^~~~~~~~~~~~~~~~~~~~
eval_intern.h:175:83: warning: taking address of packed member of ‘struct rb_method_definition_struct’ may result in an unaligned pointer value [-Waddress-of-packed-member]
  175 | #define RB_OBJ_WRITE(a, slot, b) UNALIGNED_MEMBER_ACCESS(rb_obj_write((VALUE)(a), (VALUE *)(slot), (VALUE)(b), __FILE__, __LINE__))
      |                                                                                   ^~~~~~~~~~~~~~~
eval_intern.h:170:40: note: in definition of macro ‘UNALIGNED_MEMBER_ACCESS’
  170 | # define UNALIGNED_MEMBER_ACCESS(expr) expr
      |                                        ^~~~
vm_method.c:274:7: note: in expansion of macro ‘RB_OBJ_WRITE’
  274 |       RB_OBJ_WRITE(me, &def->body.attr.location, rb_ary_freeze(location));
      |       ^~~~~~~~~~~~
eval_intern.h:175:83: warning: taking address of packed member of ‘struct rb_method_definition_struct’ may result in an unaligned pointer value [-Waddress-of-packed-member]
  175 | #define RB_OBJ_WRITE(a, slot, b) UNALIGNED_MEMBER_ACCESS(rb_obj_write((VALUE)(a), (VALUE *)(slot), (VALUE)(b), __FILE__, __LINE__))
      |                                                                                   ^~~~~~~~~~~~~~~
eval_intern.h:170:40: note: in definition of macro ‘UNALIGNED_MEMBER_ACCESS’
  170 | # define UNALIGNED_MEMBER_ACCESS(expr) expr
      |                                        ^~~~
vm_method.c:282:13: note: in expansion of macro ‘RB_OBJ_WRITE’
  282 |             RB_OBJ_WRITE(me, &def->body.bmethod.proc, (VALUE)opts);
      |             ^~~~~~~~~~~~
eval_intern.h:172:64: warning: taking address of packed member of ‘struct rb_method_definition_struct’ may result in an unaligned pointer value [-Waddress-of-packed-member]
  172 | #define UNALIGNED_MEMBER_PTR(ptr, mem) UNALIGNED_MEMBER_ACCESS(&(ptr)->mem)
eval_intern.h:170:40: note: in definition of macro ‘UNALIGNED_MEMBER_ACCESS’
  170 | # define UNALIGNED_MEMBER_ACCESS(expr) expr
      |                                        ^~~~
vm_method.c:285:32: note: in expansion of macro ‘UNALIGNED_MEMBER_PTR’
  285 |      setup_method_cfunc_struct(UNALIGNED_MEMBER_PTR(def, body.cfunc), rb_f_notimplement, -1);
      |                                ^~~~~~~~~~~~~~~~~~~~
vm_method.c:293:20: warning: taking address of packed member of ‘struct rb_method_definition_struct’ may result in an unaligned pointer value [-Waddress-of-packed-member]
  293 |   RB_OBJ_WRITE(me, &def->body.refined.orig_me, refined->orig_me);
eval_intern.h:170:40: note: in definition of macro ‘UNALIGNED_MEMBER_ACCESS’
  170 | # define UNALIGNED_MEMBER_ACCESS(expr) expr
      |                                        ^~~~
vm_method.c:293:3: note: in expansion of macro ‘RB_OBJ_WRITE’
  293 |   RB_OBJ_WRITE(me, &def->body.refined.orig_me, refined->orig_me);
      |   ^~~~~~~~~~~~
eval_intern.h:175:83: warning: taking address of packed member of ‘struct rb_method_definition_struct’ may result in an unaligned pointer value [-Waddress-of-packed-member]
  175 | #define RB_OBJ_WRITE(a, slot, b) UNALIGNED_MEMBER_ACCESS(rb_obj_write((VALUE)(a), (VALUE *)(slot), (VALUE)(b), __FILE__, __LINE__))
      |                                                                                   ^~~~~~~~~~~~~~~
eval_intern.h:170:40: note: in definition of macro ‘UNALIGNED_MEMBER_ACCESS’
  170 | # define UNALIGNED_MEMBER_ACCESS(expr) expr
      |                                        ^~~~
vm_method.c:294:3: note: in expansion of macro ‘RB_OBJ_WRITE’
  294 |   RB_OBJ_WRITE(me, &def->body.refined.owner, refined->owner);
      |   ^~~~~~~~~~~~
vm_method.c:298:23: warning: taking address of packed member of ‘struct rb_method_definition_struct’ may result in an unaligned pointer value [-Waddress-of-packed-member]
  298 |      RB_OBJ_WRITE(me, &def->body.alias.original_me, (rb_method_entry_t *)opts);
eval_intern.h:170:40: note: in definition of macro ‘UNALIGNED_MEMBER_ACCESS’
  170 | # define UNALIGNED_MEMBER_ACCESS(expr) expr
      |                                        ^~~~
vm_method.c:298:6: note: in expansion of macro ‘RB_OBJ_WRITE’
  298 |      RB_OBJ_WRITE(me, &def->body.alias.original_me, (rb_method_entry_t *)opts);
      |      ^~~~~~~~~~~~
In file included from vm.c:339:
vm_eval.c: In function ‘vm_call0_cfunc_with_frame’:
vm_eval.c:68:38: warning: taking address of packed member of ‘struct rb_method_definition_struct’ may result in an unaligned pointer value [-Waddress-of-packed-member]
   68 |     const rb_method_cfunc_t *cfunc = &me->def->body.cfunc;
      |                                      ^~~~~~~~~~~~~~~~~~~~
vm.c: In function ‘vm_exec_handle_exception’:
vm.c:1959:16: warning: taking address of packed member of ‘struct iseq_catch_table’ may result in an unaligned pointer value [-Waddress-of-packed-member]
 1959 |        entry = &ct->entries[i];
      |                ^~~~~~~~~~~~~~~
vm.c:1995:11: warning: taking address of packed member of ‘struct iseq_catch_table’ may result in an unaligned pointer value [-Waddress-of-packed-member]
 1995 |   entry = &ct->entries[i];
      |           ^~~~~~~~~~~~~~~
vm.c:2011:11: warning: taking address of packed member of ‘struct iseq_catch_table’ may result in an unaligned pointer value [-Waddress-of-packed-member]
 2011 |   entry = &ct->entries[i];
      |           ^~~~~~~~~~~~~~~
vm.c:2038:11: warning: taking address of packed member of ‘struct iseq_catch_table’ may result in an unaligned pointer value [-Waddress-of-packed-member]
 2038 |   entry = &ct->entries[i];
      |           ^~~~~~~~~~~~~~~
vm.c:2076:11: warning: taking address of packed member of ‘struct iseq_catch_table’ may result in an unaligned pointer value [-Waddress-of-packed-member]
 2076 |   entry = &ct->entries[i];
      |           ^~~~~~~~~~~~~~~
vm.c: At top level:
cc1: warning: unrecognized command line option ‘-Wno-self-assign’
cc1: warning: unrecognized command line option ‘-Wno-parentheses-equality’
cc1: warning: unrecognized command line option ‘-Wno-constant-logical-operand’
compiling vm_backtrace.c
compiling vm_dump.c
compiling vm_trace.c
assembling coroutine/amd64/Context.S
compiling enc/ascii.c
compiling enc/us_ascii.c
compiling enc/unicode.c
compiling enc/utf_8.c
compiling enc/trans/newline.c
compiling ./missing/setproctitle.c
compiling ./missing/strlcat.c
compiling ./missing/strlcpy.c
compiling addr2line.c
compiling dmyenc.c
linking miniruby
generating encdb.h
encdb.h updated
./tool/ifchange "--timestamp=.rbconfig.time" rbconfig.rb rbconfig.tmp
rbconfig.rb updated
generating enc.mk
making srcs under enc
make[1]: Entering directory '/home/maksim/.rvm/src/ruby-2.7.0-preview1'
make[1]: Nothing to be done for 'srcs'.
make[1]: Leaving directory '/home/maksim/.rvm/src/ruby-2.7.0-preview1'
generating transdb.h
transdb.h updated
compiling dln.c
compiling localeinit.c
creating verconf.h
verconf.h updated
compiling loadpath.c
compiling prelude.c
linking static-library libruby-static.a
linking shared-library libruby.so.2.7.0
generating makefiles ext/configure-ext.mk
ext/configure-ext.mk updated
make[1]: Entering directory '/home/maksim/.rvm/src/ruby-2.7.0-preview1'
configuring gdbm
configuring objspace
configuring psych
configuring stringio
configuring fcntl
configuring rubyvm
configuring coverage
configuring etc
configuring openssl
configuring continuation
configuring json
configuring json/generator
configuring json/parser
configuring fiddle
configuring readline
configuring socket
configuring cgi/escape
configuring syslog
configuring nkf
configuring bigdecimal
configuring bigdecimal/util
configuring ripper
configuring racc/cparse
configuring io/console
configuring io/nonblock
configuring io/wait
configuring -test-/arith_seq/extract
configuring -test-/array/resize
configuring -test-/bignum
configuring -test-/bug-3571
configuring -test-/bug-5832
configuring -test-/bug_reporter
configuring -test-/class
configuring -test-/debug
configuring -test-/dln/empty
configuring -test-/exception
configuring -test-/fatal
configuring -test-/file
configuring -test-/float
configuring -test-/funcall
configuring -test-/gvl/call_without_gvl
configuring -test-/hash
configuring -test-/integer
configuring -test-/iseq_load
configuring -test-/iter
configuring -test-/load/dot.dot
configuring -test-/load/protect
configuring -test-/marshal/compat
configuring -test-/marshal/internal_ivar
configuring -test-/marshal/usr
configuring -test-/memory_status
configuring -test-/method
configuring -test-/notimplement
configuring -test-/num2int
configuring -test-/path_to_class
configuring -test-/popen_deadlock
configuring -test-/postponed_job
configuring -test-/printf
configuring -test-/proc
configuring -test-/rational
configuring -test-/recursion
configuring -test-/regexp
configuring -test-/scan_args
configuring -test-/st/foreach
configuring -test-/st/numhash
configuring -test-/st/update
configuring -test-/string
configuring -test-/struct
configuring -test-/symbol
configuring -test-/thread_fd_close
configuring -test-/time
configuring -test-/tracepoint
configuring -test-/typeddata
configuring -test-/vm
configuring -test-/wait_for_single_fd
configuring dbm
configuring fiber
configuring sdbm
configuring date
configuring rbconfig/sizeof
configuring pty
configuring strscan
configuring pathname
configuring digest
configuring digest/bubblebabble
configuring digest/md5
configuring digest/rmd160
configuring digest/sha1
configuring digest/sha2
configuring zlib
make[1]: Leaving directory '/home/maksim/.rvm/src/ruby-2.7.0-preview1'
generating makefile exts.mk
exts.mk updated
make[1]: Entering directory '/home/maksim/.rvm/src/ruby-2.7.0-preview1'
make[2]: Entering directory '/home/maksim/.rvm/src/ruby-2.7.0-preview1/ext/gdbm'
compiling gdbm.c
linking shared-object gdbm.so
make[2]: Leaving directory '/home/maksim/.rvm/src/ruby-2.7.0-preview1/ext/gdbm'
make[2]: Entering directory '/home/maksim/.rvm/src/ruby-2.7.0-preview1/ext/objspace'
compiling object_tracing.c
compiling objspace.c
compiling objspace_dump.c
linking shared-object objspace.so
make[2]: Leaving directory '/home/maksim/.rvm/src/ruby-2.7.0-preview1/ext/objspace'
make[2]: Entering directory '/home/maksim/.rvm/src/ruby-2.7.0-preview1/ext/psych'
compiling psych.c
compiling psych_emitter.c
compiling psych_parser.c
compiling psych_to_ruby.c
compiling psych_yaml_tree.c
linking shared-object psych.so
installing default psych libraries
make[2]: Leaving directory '/home/maksim/.rvm/src/ruby-2.7.0-preview1/ext/psych'
make[2]: Entering directory '/home/maksim/.rvm/src/ruby-2.7.0-preview1/ext/stringio'
compiling stringio.c
linking shared-object stringio.so
make[2]: Leaving directory '/home/maksim/.rvm/src/ruby-2.7.0-preview1/ext/stringio'
make[2]: Entering directory '/home/maksim/.rvm/src/ruby-2.7.0-preview1/ext/fcntl'
compiling fcntl.c
linking shared-object fcntl.so
make[2]: Leaving directory '/home/maksim/.rvm/src/ruby-2.7.0-preview1/ext/fcntl'
make[2]: Entering directory '/home/maksim/.rvm/src/ruby-2.7.0-preview1/ext/rubyvm'
installing default libraries
make[2]: Leaving directory '/home/maksim/.rvm/src/ruby-2.7.0-preview1/ext/rubyvm'
make[2]: Entering directory '/home/maksim/.rvm/src/ruby-2.7.0-preview1/ext/coverage'
compiling coverage.c
linking shared-object coverage.so
installing default coverage libraries
make[2]: Leaving directory '/home/maksim/.rvm/src/ruby-2.7.0-preview1/ext/coverage'
make[2]: Entering directory '/home/maksim/.rvm/src/ruby-2.7.0-preview1/ext/etc'
compiling etc.c
linking shared-object etc.so
make[2]: Leaving directory '/home/maksim/.rvm/src/ruby-2.7.0-preview1/ext/etc'
make[2]: Entering directory '/home/maksim/.rvm/src/ruby-2.7.0-preview1/ext/openssl'
compiling openssl_missing.c
compiling ossl.c
compiling ossl_asn1.c
compiling ossl_bio.c
compiling ossl_bn.c
compiling ossl_cipher.c
compiling ossl_config.c
compiling ossl_digest.c
compiling ossl_engine.c
compiling ossl_hmac.c
compiling ossl_kdf.c
compiling ossl_ns_spki.c
compiling ossl_ocsp.c
compiling ossl_pkcs12.c
compiling ossl_pkcs7.c
compiling ossl_pkey.c
compiling ossl_pkey_dh.c
compiling ossl_pkey_dsa.c
compiling ossl_pkey_ec.c
compiling ossl_pkey_rsa.c
compiling ossl_rand.c
compiling ossl_ssl.c
compiling ossl_ssl_session.c
compiling ossl_x509.c
compiling ossl_x509attr.c
compiling ossl_x509cert.c
compiling ossl_x509crl.c
compiling ossl_x509ext.c
compiling ossl_x509name.c
compiling ossl_x509req.c
compiling ossl_x509revoked.c
compiling ossl_x509store.c
linking shared-object openssl.so
installing default openssl libraries
make[2]: Leaving directory '/home/maksim/.rvm/src/ruby-2.7.0-preview1/ext/openssl'
make[2]: Entering directory '/home/maksim/.rvm/src/ruby-2.7.0-preview1/ext/continuation'
compiling continuation.c
linking shared-object continuation.so
make[2]: Leaving directory '/home/maksim/.rvm/src/ruby-2.7.0-preview1/ext/continuation'
make[2]: Entering directory '/home/maksim/.rvm/src/ruby-2.7.0-preview1/ext/json'
installing default libraries
make[2]: Leaving directory '/home/maksim/.rvm/src/ruby-2.7.0-preview1/ext/json'
make[2]: Entering directory '/home/maksim/.rvm/src/ruby-2.7.0-preview1/ext/json/generator'
compiling generator.c
linking shared-object json/ext/generator.so
make[2]: Leaving directory '/home/maksim/.rvm/src/ruby-2.7.0-preview1/ext/json/generator'
make[2]: Entering directory '/home/maksim/.rvm/src/ruby-2.7.0-preview1/ext/json/parser'
compiling parser.c
linking shared-object json/ext/parser.so
make[2]: Leaving directory '/home/maksim/.rvm/src/ruby-2.7.0-preview1/ext/json/parser'
make[2]: Entering directory '/home/maksim/.rvm/src/ruby-2.7.0-preview1/ext/fiddle'
compiling closure.c
compiling conversions.c
compiling fiddle.c
compiling function.c
compiling handle.c
compiling pointer.c
linking shared-object fiddle.so
installing default fiddle libraries
make[2]: Leaving directory '/home/maksim/.rvm/src/ruby-2.7.0-preview1/ext/fiddle'
make[2]: Entering directory '/home/maksim/.rvm/src/ruby-2.7.0-preview1/ext/readline'
compiling readline.c
linking shared-object readline.so
make[2]: Leaving directory '/home/maksim/.rvm/src/ruby-2.7.0-preview1/ext/readline'
make[2]: Entering directory '/home/maksim/.rvm/src/ruby-2.7.0-preview1/ext/socket'
compiling init.c
compiling constants.c
compiling basicsocket.c
compiling socket.c
compiling ipsocket.c
compiling tcpsocket.c
compiling tcpserver.c
compiling sockssocket.c
compiling udpsocket.c
compiling unixsocket.c
compiling unixserver.c
compiling option.c
compiling ancdata.c
compiling raddrinfo.c
compiling ifaddr.c
linking shared-object socket.so
installing default socket libraries
make[2]: Leaving directory '/home/maksim/.rvm/src/ruby-2.7.0-preview1/ext/socket'
make[2]: Entering directory '/home/maksim/.rvm/src/ruby-2.7.0-preview1/ext/cgi/escape'
compiling escape.c
linking shared-object cgi/escape.so
make[2]: Leaving directory '/home/maksim/.rvm/src/ruby-2.7.0-preview1/ext/cgi/escape'
make[2]: Entering directory '/home/maksim/.rvm/src/ruby-2.7.0-preview1/ext/syslog'
compiling syslog.c
linking shared-object syslog.so
installing default syslog libraries
make[2]: Leaving directory '/home/maksim/.rvm/src/ruby-2.7.0-preview1/ext/syslog'
make[2]: Entering directory '/home/maksim/.rvm/src/ruby-2.7.0-preview1/ext/nkf'
compiling nkf.c
linking shared-object nkf.so
installing default nkf libraries
make[2]: Leaving directory '/home/maksim/.rvm/src/ruby-2.7.0-preview1/ext/nkf'
make[2]: Entering directory '/home/maksim/.rvm/src/ruby-2.7.0-preview1/ext/bigdecimal'
compiling bigdecimal.c
linking shared-object bigdecimal.so
installing default bigdecimal libraries
make[2]: Leaving directory '/home/maksim/.rvm/src/ruby-2.7.0-preview1/ext/bigdecimal'
make[2]: Entering directory '/home/maksim/.rvm/src/ruby-2.7.0-preview1/ext/bigdecimal/util'
compiling util.c
linking shared-object bigdecimal/util.so
make[2]: Leaving directory '/home/maksim/.rvm/src/ruby-2.7.0-preview1/ext/bigdecimal/util'
make[2]: Entering directory '/home/maksim/.rvm/src/ruby-2.7.0-preview1/ext/ripper'
compiling ripper.c
linking shared-object ripper.so
installing default ripper libraries
checking ../.././parse.y and ../.././ext/ripper/eventids2.c
make[2]: Leaving directory '/home/maksim/.rvm/src/ruby-2.7.0-preview1/ext/ripper'
make[2]: Entering directory '/home/maksim/.rvm/src/ruby-2.7.0-preview1/ext/racc/cparse'
compiling cparse.c
linking shared-object racc/cparse.so
make[2]: Leaving directory '/home/maksim/.rvm/src/ruby-2.7.0-preview1/ext/racc/cparse'
make[2]: Entering directory '/home/maksim/.rvm/src/ruby-2.7.0-preview1/ext/io/console'
compiling console.c
linking shared-object io/console.so
installing default console libraries
make[2]: Leaving directory '/home/maksim/.rvm/src/ruby-2.7.0-preview1/ext/io/console'
make[2]: Entering directory '/home/maksim/.rvm/src/ruby-2.7.0-preview1/ext/io/nonblock'
compiling nonblock.c
linking shared-object io/nonblock.so
make[2]: Leaving directory '/home/maksim/.rvm/src/ruby-2.7.0-preview1/ext/io/nonblock'
make[2]: Entering directory '/home/maksim/.rvm/src/ruby-2.7.0-preview1/ext/io/wait'
compiling wait.c
linking shared-object io/wait.so
make[2]: Leaving directory '/home/maksim/.rvm/src/ruby-2.7.0-preview1/ext/io/wait'
make[2]: Entering directory '/home/maksim/.rvm/src/ruby-2.7.0-preview1/ext/-test-/arith_seq/extract'
compiling extract.c
linking shared-object -test-/arith_seq/extract.so
make[2]: Leaving directory '/home/maksim/.rvm/src/ruby-2.7.0-preview1/ext/-test-/arith_seq/extract'
make[2]: Entering directory '/home/maksim/.rvm/src/ruby-2.7.0-preview1/ext/-test-/array/resize'
compiling resize.c
linking shared-object -test-/array/resize.so
make[2]: Leaving directory '/home/maksim/.rvm/src/ruby-2.7.0-preview1/ext/-test-/array/resize'
make[2]: Entering directory '/home/maksim/.rvm/src/ruby-2.7.0-preview1/ext/-test-/bignum'
compiling init.c
compiling big2str.c
compiling mul.c
compiling div.c
compiling intpack.c
compiling bigzero.c
compiling str2big.c
linking shared-object -test-/bignum.so
make[2]: Leaving directory '/home/maksim/.rvm/src/ruby-2.7.0-preview1/ext/-test-/bignum'
make[2]: Entering directory '/home/maksim/.rvm/src/ruby-2.7.0-preview1/ext/-test-/bug-3571'
compiling bug.c
linking shared-object -test-/bug_3571.so
make[2]: Leaving directory '/home/maksim/.rvm/src/ruby-2.7.0-preview1/ext/-test-/bug-3571'
make[2]: Entering directory '/home/maksim/.rvm/src/ruby-2.7.0-preview1/ext/-test-/bug-5832'
compiling bug.c
linking shared-object -test-/bug_5832.so
make[2]: Leaving directory '/home/maksim/.rvm/src/ruby-2.7.0-preview1/ext/-test-/bug-5832'
make[2]: Entering directory '/home/maksim/.rvm/src/ruby-2.7.0-preview1/ext/-test-/bug_reporter'
compiling bug_reporter.c
linking shared-object -test-/bug_reporter.so
make[2]: Leaving directory '/home/maksim/.rvm/src/ruby-2.7.0-preview1/ext/-test-/bug_reporter'
make[2]: Entering directory '/home/maksim/.rvm/src/ruby-2.7.0-preview1/ext/-test-/class'
compiling init.c
compiling class2name.c
linking shared-object -test-/class.so
make[2]: Leaving directory '/home/maksim/.rvm/src/ruby-2.7.0-preview1/ext/-test-/class'
make[2]: Entering directory '/home/maksim/.rvm/src/ruby-2.7.0-preview1/ext/-test-/debug'
compiling init.c
compiling inspector.c
compiling profile_frames.c
linking shared-object -test-/debug.so
make[2]: Leaving directory '/home/maksim/.rvm/src/ruby-2.7.0-preview1/ext/-test-/debug'
make[2]: Entering directory '/home/maksim/.rvm/src/ruby-2.7.0-preview1/ext/-test-/dln/empty'
compiling empty.c
linking shared-object -test-/dln/empty.so
make[2]: Leaving directory '/home/maksim/.rvm/src/ruby-2.7.0-preview1/ext/-test-/dln/empty'
make[2]: Entering directory '/home/maksim/.rvm/src/ruby-2.7.0-preview1/ext/-test-/exception'
compiling init.c
compiling enc_raise.c
compiling ensured.c
compiling dataerror.c
linking shared-object -test-/exception.so
make[2]: Leaving directory '/home/maksim/.rvm/src/ruby-2.7.0-preview1/ext/-test-/exception'
make[2]: Entering directory '/home/maksim/.rvm/src/ruby-2.7.0-preview1/ext/-test-/fatal'
compiling rb_fatal.c
linking shared-object -test-/fatal/rb_fatal.so
make[2]: Leaving directory '/home/maksim/.rvm/src/ruby-2.7.0-preview1/ext/-test-/fatal'
make[2]: Entering directory '/home/maksim/.rvm/src/ruby-2.7.0-preview1/ext/-test-/file'
compiling init.c
compiling stat.c
compiling fs.c
linking shared-object -test-/file.so
make[2]: Leaving directory '/home/maksim/.rvm/src/ruby-2.7.0-preview1/ext/-test-/file'
make[2]: Entering directory '/home/maksim/.rvm/src/ruby-2.7.0-preview1/ext/-test-/float'
compiling init.c
compiling nextafter.c
linking shared-object -test-/float.so
make[2]: Leaving directory '/home/maksim/.rvm/src/ruby-2.7.0-preview1/ext/-test-/float'
make[2]: Entering directory '/home/maksim/.rvm/src/ruby-2.7.0-preview1/ext/-test-/funcall'
compiling funcall.c
linking shared-object -test-/funcall.so
make[2]: Leaving directory '/home/maksim/.rvm/src/ruby-2.7.0-preview1/ext/-test-/funcall'
make[2]: Entering directory '/home/maksim/.rvm/src/ruby-2.7.0-preview1/ext/-test-/gvl/call_without_gvl'
compiling call_without_gvl.c
linking shared-object -test-/gvl/call_without_gvl.so
make[2]: Leaving directory '/home/maksim/.rvm/src/ruby-2.7.0-preview1/ext/-test-/gvl/call_without_gvl'
make[2]: Entering directory '/home/maksim/.rvm/src/ruby-2.7.0-preview1/ext/-test-/hash'
compiling delete.c
compiling init.c
linking shared-object -test-/hash.so
make[2]: Leaving directory '/home/maksim/.rvm/src/ruby-2.7.0-preview1/ext/-test-/hash'
make[2]: Entering directory '/home/maksim/.rvm/src/ruby-2.7.0-preview1/ext/-test-/integer'
compiling init.c
compiling my_integer.c
compiling core_ext.c
linking shared-object -test-/integer.so
make[2]: Leaving directory '/home/maksim/.rvm/src/ruby-2.7.0-preview1/ext/-test-/integer'
make[2]: Entering directory '/home/maksim/.rvm/src/ruby-2.7.0-preview1/ext/-test-/iseq_load'
compiling iseq_load.c
linking shared-object -test-/iseq_load.so
make[2]: Leaving directory '/home/maksim/.rvm/src/ruby-2.7.0-preview1/ext/-test-/iseq_load'
make[2]: Entering directory '/home/maksim/.rvm/src/ruby-2.7.0-preview1/ext/-test-/iter'
compiling init.c
compiling break.c
compiling yield.c
linking shared-object -test-/iter.so
make[2]: Leaving directory '/home/maksim/.rvm/src/ruby-2.7.0-preview1/ext/-test-/iter'
make[2]: Entering directory '/home/maksim/.rvm/src/ruby-2.7.0-preview1/ext/-test-/load/dot.dot'
compiling dot.dot.c
linking shared-object -test-/load/dot.dot.so
make[2]: Leaving directory '/home/maksim/.rvm/src/ruby-2.7.0-preview1/ext/-test-/load/dot.dot'
make[2]: Entering directory '/home/maksim/.rvm/src/ruby-2.7.0-preview1/ext/-test-/load/protect'
compiling protect.c
linking shared-object -test-/load/protect.so
make[2]: Leaving directory '/home/maksim/.rvm/src/ruby-2.7.0-preview1/ext/-test-/load/protect'
make[2]: Entering directory '/home/maksim/.rvm/src/ruby-2.7.0-preview1/ext/-test-/marshal/compat'
compiling usrcompat.c
linking shared-object -test-/marshal/compat.so
make[2]: Leaving directory '/home/maksim/.rvm/src/ruby-2.7.0-preview1/ext/-test-/marshal/compat'
make[2]: Entering directory '/home/maksim/.rvm/src/ruby-2.7.0-preview1/ext/-test-/marshal/internal_ivar'
compiling internal_ivar.c
linking shared-object -test-/marshal/internal_ivar.so
make[2]: Leaving directory '/home/maksim/.rvm/src/ruby-2.7.0-preview1/ext/-test-/marshal/internal_ivar'
make[2]: Entering directory '/home/maksim/.rvm/src/ruby-2.7.0-preview1/ext/-test-/marshal/usr'
compiling usrmarshal.c
linking shared-object -test-/marshal/usr.so
make[2]: Leaving directory '/home/maksim/.rvm/src/ruby-2.7.0-preview1/ext/-test-/marshal/usr'
make[2]: Entering directory '/home/maksim/.rvm/src/ruby-2.7.0-preview1/ext/-test-/method'
compiling init.c
compiling arity.c
linking shared-object -test-/method.so
make[2]: Leaving directory '/home/maksim/.rvm/src/ruby-2.7.0-preview1/ext/-test-/method'
make[2]: Entering directory '/home/maksim/.rvm/src/ruby-2.7.0-preview1/ext/-test-/notimplement'
compiling bug.c
linking shared-object -test-/notimplement.so
make[2]: Leaving directory '/home/maksim/.rvm/src/ruby-2.7.0-preview1/ext/-test-/notimplement'
make[2]: Entering directory '/home/maksim/.rvm/src/ruby-2.7.0-preview1/ext/-test-/num2int'
compiling num2int.c
linking shared-object -test-/num2int.so
make[2]: Leaving directory '/home/maksim/.rvm/src/ruby-2.7.0-preview1/ext/-test-/num2int'
make[2]: Entering directory '/home/maksim/.rvm/src/ruby-2.7.0-preview1/ext/-test-/path_to_class'
compiling path_to_class.c
linking shared-object -test-/path_to_class.so
make[2]: Leaving directory '/home/maksim/.rvm/src/ruby-2.7.0-preview1/ext/-test-/path_to_class'
make[2]: Entering directory '/home/maksim/.rvm/src/ruby-2.7.0-preview1/ext/-test-/popen_deadlock'
compiling infinite_loop_dlsym.c
linking shared-object -test-/popen_deadlock/infinite_loop_dlsym.so
make[2]: Leaving directory '/home/maksim/.rvm/src/ruby-2.7.0-preview1/ext/-test-/popen_deadlock'
make[2]: Entering directory '/home/maksim/.rvm/src/ruby-2.7.0-preview1/ext/-test-/postponed_job'
compiling postponed_job.c
linking shared-object -test-/postponed_job.so
make[2]: Leaving directory '/home/maksim/.rvm/src/ruby-2.7.0-preview1/ext/-test-/postponed_job'
make[2]: Entering directory '/home/maksim/.rvm/src/ruby-2.7.0-preview1/ext/-test-/printf'
compiling printf.c
linking shared-object -test-/printf.so
make[2]: Leaving directory '/home/maksim/.rvm/src/ruby-2.7.0-preview1/ext/-test-/printf'
make[2]: Entering directory '/home/maksim/.rvm/src/ruby-2.7.0-preview1/ext/-test-/proc'
compiling init.c
compiling receiver.c
compiling super.c
linking shared-object -test-/proc.so
make[2]: Leaving directory '/home/maksim/.rvm/src/ruby-2.7.0-preview1/ext/-test-/proc'
make[2]: Entering directory '/home/maksim/.rvm/src/ruby-2.7.0-preview1/ext/-test-/rational'
compiling rat.c
linking shared-object -test-/rational.so
make[2]: Leaving directory '/home/maksim/.rvm/src/ruby-2.7.0-preview1/ext/-test-/rational'
make[2]: Entering directory '/home/maksim/.rvm/src/ruby-2.7.0-preview1/ext/-test-/recursion'
compiling recursion.c
linking shared-object -test-/recursion.so
make[2]: Leaving directory '/home/maksim/.rvm/src/ruby-2.7.0-preview1/ext/-test-/recursion'
make[2]: Entering directory '/home/maksim/.rvm/src/ruby-2.7.0-preview1/ext/-test-/regexp'
compiling init.c
compiling parse_depth_limit.c
linking shared-object -test-/regexp.so
make[2]: Leaving directory '/home/maksim/.rvm/src/ruby-2.7.0-preview1/ext/-test-/regexp'
make[2]: Entering directory '/home/maksim/.rvm/src/ruby-2.7.0-preview1/ext/-test-/scan_args'
compiling scan_args.c
linking shared-object -test-/scan_args.so
make[2]: Leaving directory '/home/maksim/.rvm/src/ruby-2.7.0-preview1/ext/-test-/scan_args'
make[2]: Entering directory '/home/maksim/.rvm/src/ruby-2.7.0-preview1/ext/-test-/st/foreach'
compiling foreach.c
linking shared-object -test-/st/foreach.so
make[2]: Leaving directory '/home/maksim/.rvm/src/ruby-2.7.0-preview1/ext/-test-/st/foreach'
make[2]: Entering directory '/home/maksim/.rvm/src/ruby-2.7.0-preview1/ext/-test-/st/numhash'
compiling numhash.c
linking shared-object -test-/st/numhash.so
make[2]: Leaving directory '/home/maksim/.rvm/src/ruby-2.7.0-preview1/ext/-test-/st/numhash'
make[2]: Entering directory '/home/maksim/.rvm/src/ruby-2.7.0-preview1/ext/-test-/st/update'
compiling update.c
linking shared-object -test-/st/update.so
make[2]: Leaving directory '/home/maksim/.rvm/src/ruby-2.7.0-preview1/ext/-test-/st/update'
make[2]: Entering directory '/home/maksim/.rvm/src/ruby-2.7.0-preview1/ext/-test-/string'
compiling coderange.c
compiling init.c
compiling set_len.c
compiling new.c
compiling rb_str_dup.c
compiling capacity.c
compiling normalize.c
compiling qsort.c
compiling ellipsize.c
compiling enc_associate.c
compiling enc_str_buf_cat.c
compiling fstring.c
compiling nofree.c
compiling modify.c
compiling cstr.c
linking shared-object -test-/string.so
make[2]: Leaving directory '/home/maksim/.rvm/src/ruby-2.7.0-preview1/ext/-test-/string'
make[2]: Entering directory '/home/maksim/.rvm/src/ruby-2.7.0-preview1/ext/-test-/struct'
compiling init.c
compiling duplicate.c
compiling member.c
compiling len.c
linking shared-object -test-/struct.so
make[2]: Leaving directory '/home/maksim/.rvm/src/ruby-2.7.0-preview1/ext/-test-/struct'
make[2]: Entering directory '/home/maksim/.rvm/src/ruby-2.7.0-preview1/ext/-test-/symbol'
compiling init.c
compiling type.c
linking shared-object -test-/symbol.so
make[2]: Leaving directory '/home/maksim/.rvm/src/ruby-2.7.0-preview1/ext/-test-/symbol'
make[2]: Entering directory '/home/maksim/.rvm/src/ruby-2.7.0-preview1/ext/-test-/thread_fd_close'
compiling thread_fd_close.c
linking shared-object -test-/thread_fd_close.so
make[2]: Leaving directory '/home/maksim/.rvm/src/ruby-2.7.0-preview1/ext/-test-/thread_fd_close'
make[2]: Entering directory '/home/maksim/.rvm/src/ruby-2.7.0-preview1/ext/-test-/time'
compiling init.c
compiling new.c
compiling leap_second.c
linking shared-object -test-/time.so
make[2]: Leaving directory '/home/maksim/.rvm/src/ruby-2.7.0-preview1/ext/-test-/time'
make[2]: Entering directory '/home/maksim/.rvm/src/ruby-2.7.0-preview1/ext/-test-/tracepoint'
compiling gc_hook.c
compiling tracepoint.c
linking shared-object -test-/tracepoint.so
make[2]: Leaving directory '/home/maksim/.rvm/src/ruby-2.7.0-preview1/ext/-test-/tracepoint'
make[2]: Entering directory '/home/maksim/.rvm/src/ruby-2.7.0-preview1/ext/-test-/typeddata'
compiling typeddata.c
linking shared-object -test-/typeddata.so
make[2]: Leaving directory '/home/maksim/.rvm/src/ruby-2.7.0-preview1/ext/-test-/typeddata'
make[2]: Entering directory '/home/maksim/.rvm/src/ruby-2.7.0-preview1/ext/-test-/vm'
compiling at_exit.c
linking shared-object -test-/vm/at_exit.so
make[2]: Leaving directory '/home/maksim/.rvm/src/ruby-2.7.0-preview1/ext/-test-/vm'
make[2]: Entering directory '/home/maksim/.rvm/src/ruby-2.7.0-preview1/ext/-test-/wait_for_single_fd'
compiling wait_for_single_fd.c
linking shared-object -test-/wait_for_single_fd.so
make[2]: Leaving directory '/home/maksim/.rvm/src/ruby-2.7.0-preview1/ext/-test-/wait_for_single_fd'
make[2]: Entering directory '/home/maksim/.rvm/src/ruby-2.7.0-preview1/ext/fiber'
compiling fiber.c
linking shared-object fiber.so
make[2]: Leaving directory '/home/maksim/.rvm/src/ruby-2.7.0-preview1/ext/fiber'
make[2]: Entering directory '/home/maksim/.rvm/src/ruby-2.7.0-preview1/ext/sdbm'
compiling _sdbm.c
compiling init.c
linking shared-object sdbm.so
make[2]: Leaving directory '/home/maksim/.rvm/src/ruby-2.7.0-preview1/ext/sdbm'
make[2]: Entering directory '/home/maksim/.rvm/src/ruby-2.7.0-preview1/ext/date'
compiling date_core.c
compiling date_parse.c
compiling date_strftime.c
compiling date_strptime.c
linking shared-object date_core.so
installing default date_core libraries
make[2]: Leaving directory '/home/maksim/.rvm/src/ruby-2.7.0-preview1/ext/date'
make[2]: Entering directory '/home/maksim/.rvm/src/ruby-2.7.0-preview1/ext/rbconfig/sizeof'
compiling sizes.c
compiling limits.c
linking shared-object rbconfig/sizeof.so
make[2]: Leaving directory '/home/maksim/.rvm/src/ruby-2.7.0-preview1/ext/rbconfig/sizeof'
make[2]: Entering directory '/home/maksim/.rvm/src/ruby-2.7.0-preview1/ext/pty'
compiling pty.c
linking shared-object pty.so
installing default pty libraries
make[2]: Leaving directory '/home/maksim/.rvm/src/ruby-2.7.0-preview1/ext/pty'
make[2]: Entering directory '/home/maksim/.rvm/src/ruby-2.7.0-preview1/ext/strscan'
compiling strscan.c
linking shared-object strscan.so
make[2]: Leaving directory '/home/maksim/.rvm/src/ruby-2.7.0-preview1/ext/strscan'
make[2]: Entering directory '/home/maksim/.rvm/src/ruby-2.7.0-preview1/ext/pathname'
compiling pathname.c
linking shared-object pathname.so
installing default pathname libraries
make[2]: Leaving directory '/home/maksim/.rvm/src/ruby-2.7.0-preview1/ext/pathname'
make[2]: Entering directory '/home/maksim/.rvm/src/ruby-2.7.0-preview1/ext/digest'
compiling digest.c
linking shared-object digest.so
installing digest libraries
installing default digest libraries
make[2]: Leaving directory '/home/maksim/.rvm/src/ruby-2.7.0-preview1/ext/digest'
make[2]: Entering directory '/home/maksim/.rvm/src/ruby-2.7.0-preview1/ext/digest/bubblebabble'
compiling bubblebabble.c
linking shared-object digest/bubblebabble.so
make[2]: Leaving directory '/home/maksim/.rvm/src/ruby-2.7.0-preview1/ext/digest/bubblebabble'
make[2]: Entering directory '/home/maksim/.rvm/src/ruby-2.7.0-preview1/ext/digest/md5'
compiling md5init.c
linking shared-object digest/md5.so
make[2]: Leaving directory '/home/maksim/.rvm/src/ruby-2.7.0-preview1/ext/digest/md5'
make[2]: Entering directory '/home/maksim/.rvm/src/ruby-2.7.0-preview1/ext/digest/rmd160'
compiling rmd160init.c
linking shared-object digest/rmd160.so
make[2]: Leaving directory '/home/maksim/.rvm/src/ruby-2.7.0-preview1/ext/digest/rmd160'
make[2]: Entering directory '/home/maksim/.rvm/src/ruby-2.7.0-preview1/ext/digest/sha1'
compiling sha1init.c
linking shared-object digest/sha1.so
make[2]: Leaving directory '/home/maksim/.rvm/src/ruby-2.7.0-preview1/ext/digest/sha1'
make[2]: Entering directory '/home/maksim/.rvm/src/ruby-2.7.0-preview1/ext/digest/sha2'
compiling sha2init.c
linking shared-object digest/sha2.so
installing default sha2 libraries
make[2]: Leaving directory '/home/maksim/.rvm/src/ruby-2.7.0-preview1/ext/digest/sha2'
make[2]: Entering directory '/home/maksim/.rvm/src/ruby-2.7.0-preview1/ext/zlib'
compiling zlib.c
linking shared-object zlib.so
make[2]: Leaving directory '/home/maksim/.rvm/src/ruby-2.7.0-preview1/ext/zlib'
make[2]: Entering directory '/home/maksim/.rvm/src/ruby-2.7.0-preview1'
./revision.h unchanged
linking ruby
make[2]: Leaving directory '/home/maksim/.rvm/src/ruby-2.7.0-preview1'
make[1]: Leaving directory '/home/maksim/.rvm/src/ruby-2.7.0-preview1'
make[1]: Entering directory '/home/maksim/.rvm/src/ruby-2.7.0-preview1'
*** Following extensions are not compiled:
dbm:
	Could not be configured. It will not be installed.
	Check ext/dbm/mkmf.log for more details.
*** Fix the problems, then remove these directories and try again if you want.
make[1]: Leaving directory '/home/maksim/.rvm/src/ruby-2.7.0-preview1'
making enc
make[1]: Entering directory '/home/maksim/.rvm/src/ruby-2.7.0-preview1'
compiling ./enc/encdb.c
linking encoding encdb.so
compiling ./enc/big5.c
linking encoding big5.so
compiling ./enc/cp949.c
linking encoding cp949.so
compiling ./enc/emacs_mule.c
linking encoding emacs_mule.so
compiling ./enc/euc_jp.c
linking encoding euc_jp.so
compiling ./enc/euc_kr.c
linking encoding euc_kr.so
compiling ./enc/euc_tw.c
linking encoding euc_tw.so
compiling ./enc/gb2312.c
linking encoding gb2312.so
compiling ./enc/gb18030.c
linking encoding gb18030.so
compiling ./enc/gbk.c
linking encoding gbk.so
compiling ./enc/iso_8859_1.c
linking encoding iso_8859_1.so
compiling ./enc/iso_8859_2.c
linking encoding iso_8859_2.so
compiling ./enc/iso_8859_3.c
linking encoding iso_8859_3.so
compiling ./enc/iso_8859_4.c
linking encoding iso_8859_4.so
compiling ./enc/iso_8859_5.c
linking encoding iso_8859_5.so
compiling ./enc/iso_8859_6.c
linking encoding iso_8859_6.so
compiling ./enc/iso_8859_7.c
linking encoding iso_8859_7.so
compiling ./enc/iso_8859_8.c
linking encoding iso_8859_8.so
compiling ./enc/iso_8859_9.c
linking encoding iso_8859_9.so
compiling ./enc/iso_8859_10.c
linking encoding iso_8859_10.so
compiling ./enc/iso_8859_11.c
linking encoding iso_8859_11.so
compiling ./enc/iso_8859_13.c
linking encoding iso_8859_13.so
compiling ./enc/iso_8859_14.c
linking encoding iso_8859_14.so
compiling ./enc/iso_8859_15.c
linking encoding iso_8859_15.so
compiling ./enc/iso_8859_16.c
linking encoding iso_8859_16.so
compiling ./enc/koi8_r.c
linking encoding koi8_r.so
compiling ./enc/koi8_u.c
linking encoding koi8_u.so
compiling ./enc/shift_jis.c
linking encoding shift_jis.so
compiling ./enc/utf_16be.c
linking encoding utf_16be.so
compiling ./enc/utf_16le.c
linking encoding utf_16le.so
compiling ./enc/utf_32be.c
linking encoding utf_32be.so
compiling ./enc/utf_32le.c
linking encoding utf_32le.so
compiling ./enc/windows_31j.c
linking encoding windows_31j.so
compiling ./enc/windows_1250.c
linking encoding windows_1250.so
compiling ./enc/windows_1251.c
linking encoding windows_1251.so
compiling ./enc/windows_1252.c
linking encoding windows_1252.so
compiling ./enc/windows_1253.c
linking encoding windows_1253.so
compiling ./enc/windows_1254.c
linking encoding windows_1254.so
compiling ./enc/windows_1257.c
linking encoding windows_1257.so
make[1]: Leaving directory '/home/maksim/.rvm/src/ruby-2.7.0-preview1'
making trans
make[1]: Entering directory '/home/maksim/.rvm/src/ruby-2.7.0-preview1'
compiling ./enc/trans/transdb.c
linking transcoder transdb.so
compiling ./enc/trans/big5.c
linking transcoder big5.so
compiling ./enc/trans/chinese.c
linking transcoder chinese.so
compiling ./enc/trans/ebcdic.c
linking transcoder ebcdic.so
compiling ./enc/trans/emoji.c
linking transcoder emoji.so
compiling ./enc/trans/emoji_iso2022_kddi.c
linking transcoder emoji_iso2022_kddi.so
compiling ./enc/trans/emoji_sjis_docomo.c
linking transcoder emoji_sjis_docomo.so
compiling ./enc/trans/emoji_sjis_kddi.c
linking transcoder emoji_sjis_kddi.so
compiling ./enc/trans/emoji_sjis_softbank.c
linking transcoder emoji_sjis_softbank.so
compiling ./enc/trans/escape.c
linking transcoder escape.so
compiling ./enc/trans/gb18030.c
linking transcoder gb18030.so
compiling ./enc/trans/gbk.c
linking transcoder gbk.so
compiling ./enc/trans/iso2022.c
linking transcoder iso2022.so
compiling ./enc/trans/japanese.c
linking transcoder japanese.so
compiling ./enc/trans/japanese_euc.c
linking transcoder japanese_euc.so
compiling ./enc/trans/japanese_sjis.c
linking transcoder japanese_sjis.so
compiling ./enc/trans/korean.c
linking transcoder korean.so
compiling ./enc/trans/single_byte.c
linking transcoder single_byte.so
compiling ./enc/trans/utf8_mac.c
linking transcoder utf8_mac.so
compiling ./enc/trans/utf_16_32.c
linking transcoder utf_16_32.so
make[1]: Leaving directory '/home/maksim/.rvm/src/ruby-2.7.0-preview1'
making encs
make[1]: Entering directory '/home/maksim/.rvm/src/ruby-2.7.0-preview1'
make[1]: Nothing to be done for 'encs'.
make[1]: Leaving directory '/home/maksim/.rvm/src/ruby-2.7.0-preview1'
building rb_mjit_header.h
rb_mjit_header.h updated
building .ext/include/x86_64-linux/rb_mjit_min_header-2.7.0.h
./miniruby -I./lib -I. -I.ext/common  ./tool/transform_mjit_header.rb "gcc  -O3 -ggdb3 -Wall -Wextra -Werror=deprecated-declarations -Werror=duplicated-cond -Werror=implicit-function-declaration -Werror=implicit-int -Werror=misleading-indentation -Werror=pointer-arith -Werror=write-strings -Wimplicit-fallthrough=0 -Wmissing-noreturn -Wno-cast-function-type -Wno-constant-logical-operand -Wno-long-long -Wno-missing-field-initializers -Wno-overlength-strings -Wno-packed-bitfield-compat -Wno-parentheses-equality -Wno-self-assign -Wno-tautological-compare -Wno-unused-parameter -Wno-unused-value -Wsuggest-attribute=format -Wsuggest-attribute=noreturn -Wunused-variable -std=gnu99  -fPIC " rb_mjit_header.h .ext/include/x86_64-linux/rb_mjit_min_header-2.7.0.h

Transforming external functions to static:
transform_mjit_header: making external definition of 'Init_vm_stack_canary' static inline
transform_mjit_header: making external definition of 'rb_vm_opt_struct_aset' static inline
transform_mjit_header: making external definition of 'rb_vm_opt_struct_aref' static inline
transform_mjit_header: making external definition of 'rb_eql_opt' static inline
transform_mjit_header: changing definition of 'rb_equal_opt' to declaration
transform_mjit_header: changing definition of 'rb_vm_search_method_slowpath' to declaration
transform_mjit_header: making external definition of 'rb_vm_rewrite_cref' static inline
transform_mjit_header: making external definition of 'rb_vm_push_frame' static inline
transform_mjit_header: making external definition of 'rb_vm_block_ep_update' static inline
transform_mjit_header: making external definition of 'rb_vm_cref_new_toplevel' static inline
transform_mjit_header: making external definition of 'rb_vm_frame_block_handler' static inline
transform_mjit_header: making external definition of 'rb_vm_ep_local_ep' static inline
transform_mjit_header: making declaration of 'rb_vm_rewrite_cref' static inline
transform_mjit_header: making declaration of 'rb_vm_frame_block_handler' static inline
transform_mjit_header: making declaration of 'rb_vm_block_ep_update' static inline
transform_mjit_header: making declaration of 'rb_vm_ep_local_ep' static inline
transform_mjit_header: making declaration of 'Init_vm_stack_canary' static inline
transform_mjit_header: making declaration of 'rb_eql_opt' static inline
transform_mjit_header: making external definition of 'rb_scan_args_set' static inline
transform_mjit_header: making declaration of 'rb_scan_args_set' static inline
transform_mjit_header: SKIPPED to transform getlogin_r
transform_mjit_header: SKIPPED to transform pread64
transform_mjit_header: SKIPPED to transform pread
transform_mjit_header: SKIPPED to transform read
transform_mjit_header: SKIPPED to transform bsearch
transform_mjit_header: SKIPPED to transform fread_unlocked
transform_mjit_header: SKIPPED to transform fgets_unlocked
transform_mjit_header: SKIPPED to transform fread
transform_mjit_header: SKIPPED to transform fgets
transform_mjit_header: SKIPPED to transform vdprintf
transform_mjit_header: SKIPPED to transform dprintf
transform_mjit_header: SKIPPED to transform vfprintf
transform_mjit_header: SKIPPED to transform vprintf
transform_mjit_header: SKIPPED to transform printf
transform_mjit_header: SKIPPED to transform fprintf
transform_mjit_header: SKIPPED to transform getline
transform_mjit_header: SKIPPED to transform putchar_unlocked
transform_mjit_header: SKIPPED to transform putc_unlocked
transform_mjit_header: SKIPPED to transform fputc_unlocked
transform_mjit_header: SKIPPED to transform putchar
transform_mjit_header: SKIPPED to transform getchar_unlocked
transform_mjit_header: SKIPPED to transform getc_unlocked
transform_mjit_header: SKIPPED to transform fgetc_unlocked
transform_mjit_header: SKIPPED to transform getchar
ln -sf ../../../.ext/include/x86_64-linux/rb_mjit_min_header-2.7.0.h include/ruby-2.7.0/x86_64-linux/rb_mjit_min_header-2.7.0.h
