[2020-03-05 08:10:45] __rvm_post_configure_ruby
__rvm_post_configure_ruby () 
{ 
    __rvm_post_configure_ruby_fix_athlon_sse2;
    __rvm_post_configure_ruby_update_setup
}
current path: /home/maksim/.rvm/src/ruby-2.7.0-preview1
PATH=/usr/local/sbin:/usr/local/bin:/usr/sbin:/usr/bin:/sbin:/bin:/usr/games:/usr/local/games:/snap/bin:/home/maksim/.rvm/bin:/home/maksim/.rvm/bin
command(1): __rvm_post_configure_ruby
+++ __rvm_post_configure_ruby_fix_athlon_sse2
+++ [[ -f /proc/cpuinfo ]]
+++ [[ -f Makefile ]]
+++ __rvm_grep '^XCFLAGS = .*-msse2' Makefile
+++ GREP_OPTIONS=
+++ command grep '^XCFLAGS = .*-msse2' Makefile
+++ grep '^XCFLAGS = .*-msse2' Makefile
+++ return 1
+++ __rvm_post_configure_ruby_update_setup
+++ typeset option
+++ ((  0 == 1  ))
