[2020-03-05 07:59:26] requirements_debian_update_system
requirements_debian_update_system () 
{ 
    __rvm_try_sudo apt-get --quiet --yes update || { 
        \typeset __ret=$?;
        case ${__ret} in 
            100)
                rvm_error "There has been an error while updating your system using \`apt-get\`.
It seems that there are some 404 Not Found errors for repositories listed in:

    /etc/apt/sources.list
    /etc/apt/sources.list.d/*.list

Make sure that all repositories are available from your system and verify your setup by running manually:

    sudo apt-get update

Make sure that it works correctly before proceeding with RVM.

If you are working from the GUI instead of the terminal, you might want to verify and fix broken
repositories using \"Software & Updates\" application.
"
            ;;
        esac;
        return ${__ret}
    }
}
current path: /home/maksim
PATH=/usr/local/sbin:/usr/local/bin:/usr/sbin:/usr/bin:/sbin:/bin:/usr/games:/usr/local/games:/snap/bin:/home/maksim/.rvm/bin:/home/maksim/.rvm/bin
command(2): requirements_debian_update_system ruby-2.7.0-preview1
+++ __rvm_try_sudo apt-get --quiet --yes update
+++ typeset -a command_to_run
+++ typeset sudo_path sbin_path missing_paths
+++ command_to_run=("$@")
+++ ((  UID == 0  ))
+++ case "$rvm_autolibs_flag_number" in
+++ is_a_function __rvm_sudo
+++ typeset -f __rvm_sudo
+++ missing_paths=
+++ for sbin_path in /sbin /usr/sbin /usr/local/sbin
+++ [[ -d /sbin ]]
+++ [[ :/usr/local/sbin:/usr/local/bin:/usr/sbin:/usr/bin:/sbin:/bin:/usr/games:/usr/local/games:/snap/bin:/home/maksim/.rvm/bin:/home/maksim/.rvm/bin: != *\:\/\s\b\i\n\:* ]]
+++ for sbin_path in /sbin /usr/sbin /usr/local/sbin
+++ [[ -d /usr/sbin ]]
+++ [[ :/usr/local/sbin:/usr/local/bin:/usr/sbin:/usr/bin:/sbin:/bin:/usr/games:/usr/local/games:/snap/bin:/home/maksim/.rvm/bin:/home/maksim/.rvm/bin: != *\:\/\u\s\r\/\s\b\i\n\:* ]]
+++ for sbin_path in /sbin /usr/sbin /usr/local/sbin
+++ [[ -d /usr/local/sbin ]]
+++ [[ :/usr/local/sbin:/usr/local/bin:/usr/sbin:/usr/bin:/sbin:/bin:/usr/games:/usr/local/games:/snap/bin:/home/maksim/.rvm/bin:/home/maksim/.rvm/bin: != *\:\/\u\s\r\/\l\o\c\a\l\/\s\b\i\n\:* ]]
+++ [[ -n '' ]]
+++ command_to_run=(__rvm_sudo -p "%p password required for '$*': " "${command_to_run[@]}")
+++ __rvm_sudo -p '%p password required for '\''apt-get --quiet --yes update'\'': ' apt-get --quiet --yes update
+++ command sudo -p '%p password required for '\''apt-get --quiet --yes update'\'': ' apt-get --quiet --yes update
+++ sudo -p '%p password required for '\''apt-get --quiet --yes update'\'': ' apt-get --quiet --yes update
Hit:1 http://ru.archive.ubuntu.com/ubuntu eoan InRelease
Hit:2 http://ru.archive.ubuntu.com/ubuntu eoan-updates InRelease
Hit:3 http://ru.archive.ubuntu.com/ubuntu eoan-backports InRelease
Get:4 http://security.ubuntu.com/ubuntu eoan-security InRelease [97,5 kB]
Get:5 http://security.ubuntu.com/ubuntu eoan-security/main amd64 DEP-11 Metadata [204 B]
Get:6 http://security.ubuntu.com/ubuntu eoan-security/universe amd64 DEP-11 Metadata [1 672 B]
Get:7 http://security.ubuntu.com/ubuntu eoan-security/universe DEP-11 48x48 Icons [7 096 B]
Get:8 http://security.ubuntu.com/ubuntu eoan-security/universe DEP-11 64x64 Icons [6 242 B]
Fetched 113 kB in 1s (80,3 kB/s)
Reading package lists...
