[2020-03-05 20:11:08] __rvm_make
__rvm_make () 
{ 
    \make "$@" || return $?
}
current path: /home/maksim/.rvm/src/ruby-head
PATH=/usr/local/sbin:/usr/local/bin:/usr/sbin:/usr/bin:/sbin:/bin:/usr/games:/usr/local/games:/snap/bin:/home/maksim/.rvm/bin:/home/maksim/.rvm/bin
command(2): __rvm_make install
++ make install
generating x86_64-linux-fake.rb
x86_64-linux-fake.rb updated
	BASERUBY = /home/maksim/.rvm/wrappers/ruby-2.7.0-preview1/ruby --disable=gems
	CC = gcc
	LD = ld
	LDSHARED = gcc -shared
	CFLAGS = -O3 -ggdb3 -Wall -Wextra -Werror=deprecated-declarations -Werror=duplicated-cond -Werror=implicit-function-declaration -Werror=implicit-int -Werror=misleading-indentation -Werror=pointer-arith -Werror=write-strings -Wimplicit-fallthrough=0 -Wmissing-noreturn -Wno-cast-function-type -Wno-constant-logical-operand -Wno-long-long -Wno-missing-field-initializers -Wno-overlength-strings -Wno-packed-bitfield-compat -Wno-parentheses-equality -Wno-self-assign -Wno-tautological-compare -Wno-unused-parameter -Wno-unused-value -Wsuggest-attribute=format -Wsuggest-attribute=noreturn -Wunused-variable -std=gnu99  -fPIC 
	XCFLAGS = -D_FORTIFY_SOURCE=2 -fstack-protector-strong -fno-strict-overflow -DRUBY_DEVEL=1 -fvisibility=hidden -fexcess-precision=standard -DRUBY_EXPORT -DCANONICALIZATION_FOR_MATHN -I. -I.ext/include/x86_64-linux -I./include -I. -I./enc/unicode/12.1.0
	CPPFLAGS =   
	DLDFLAGS = -Wl,--compress-debug-sections=zlib -Wl,-soname,libruby.so.2.8  -fstack-protector-strong  
	SOLIBS = -lz -lpthread -lrt -lrt -lgmp -ldl -lcrypt -lm 
	LANG = en_US.UTF-8
	LC_ALL = 
	LC_CTYPE = 
	MFLAGS = 
gcc (Ubuntu 9.2.1-9ubuntu2) 9.2.1 20191008
Copyright (C) 2019 Free Software Foundation, Inc.
This is free software; see the source for copying conditions.  There is NO
warranty; not even for MERCHANTABILITY or FITNESS FOR A PARTICULAR PURPOSE.

./revision.h unchanged
generating enc.mk
making srcs under enc
make[1]: Entering directory '/home/maksim/.rvm/src/ruby-head'
make[1]: Nothing to be done for 'srcs'.
make[1]: Leaving directory '/home/maksim/.rvm/src/ruby-head'
generating transdb.h
transdb.h unchanged
generating makefiles ext/configure-ext.mk
ext/configure-ext.mk updated
make[1]: Entering directory '/home/maksim/.rvm/src/ruby-head'
make[1]: Leaving directory '/home/maksim/.rvm/src/ruby-head'
generating makefile exts.mk
exts.mk unchanged
make[1]: Entering directory '/home/maksim/.rvm/src/ruby-head'
make[2]: Entering directory '/home/maksim/.rvm/src/ruby-head/ext/bigdecimal'
make[2]: Leaving directory '/home/maksim/.rvm/src/ruby-head/ext/bigdecimal'
make[2]: Entering directory '/home/maksim/.rvm/src/ruby-head/ext/coverage'
make[2]: Leaving directory '/home/maksim/.rvm/src/ruby-head/ext/coverage'
make[2]: Entering directory '/home/maksim/.rvm/src/ruby-head/ext/date'
make[2]: Leaving directory '/home/maksim/.rvm/src/ruby-head/ext/date'
make[2]: Entering directory '/home/maksim/.rvm/src/ruby-head/ext/digest'
make[2]: Leaving directory '/home/maksim/.rvm/src/ruby-head/ext/digest'
make[2]: Entering directory '/home/maksim/.rvm/src/ruby-head/ext/digest/sha2'
make[2]: Leaving directory '/home/maksim/.rvm/src/ruby-head/ext/digest/sha2'
make[2]: Entering directory '/home/maksim/.rvm/src/ruby-head/ext/fiddle'
make[2]: Leaving directory '/home/maksim/.rvm/src/ruby-head/ext/fiddle'
make[2]: Entering directory '/home/maksim/.rvm/src/ruby-head/ext/io/console'
make[2]: Leaving directory '/home/maksim/.rvm/src/ruby-head/ext/io/console'
make[2]: Entering directory '/home/maksim/.rvm/src/ruby-head/ext/json'
make[2]: Leaving directory '/home/maksim/.rvm/src/ruby-head/ext/json'
make[2]: Entering directory '/home/maksim/.rvm/src/ruby-head/ext/monitor'
make[2]: Leaving directory '/home/maksim/.rvm/src/ruby-head/ext/monitor'
make[2]: Entering directory '/home/maksim/.rvm/src/ruby-head/ext/nkf'
make[2]: Leaving directory '/home/maksim/.rvm/src/ruby-head/ext/nkf'
make[2]: Entering directory '/home/maksim/.rvm/src/ruby-head/ext/openssl'
make[2]: Leaving directory '/home/maksim/.rvm/src/ruby-head/ext/openssl'
make[2]: Entering directory '/home/maksim/.rvm/src/ruby-head/ext/pathname'
make[2]: Leaving directory '/home/maksim/.rvm/src/ruby-head/ext/pathname'
make[2]: Entering directory '/home/maksim/.rvm/src/ruby-head/ext/psych'
make[2]: Leaving directory '/home/maksim/.rvm/src/ruby-head/ext/psych'
make[2]: Entering directory '/home/maksim/.rvm/src/ruby-head/ext/pty'
make[2]: Leaving directory '/home/maksim/.rvm/src/ruby-head/ext/pty'
make[2]: Entering directory '/home/maksim/.rvm/src/ruby-head/ext/ripper'
make[2]: Leaving directory '/home/maksim/.rvm/src/ruby-head/ext/ripper'
make[2]: Entering directory '/home/maksim/.rvm/src/ruby-head/ext/rubyvm'
make[2]: Leaving directory '/home/maksim/.rvm/src/ruby-head/ext/rubyvm'
make[2]: Entering directory '/home/maksim/.rvm/src/ruby-head/ext/socket'
make[2]: Leaving directory '/home/maksim/.rvm/src/ruby-head/ext/socket'
make[2]: Entering directory '/home/maksim/.rvm/src/ruby-head/ext/syslog'
make[2]: Leaving directory '/home/maksim/.rvm/src/ruby-head/ext/syslog'
make[2]: Entering directory '/home/maksim/.rvm/src/ruby-head'
make[2]: 'ruby' is up to date.
make[2]: Leaving directory '/home/maksim/.rvm/src/ruby-head'
make[1]: Leaving directory '/home/maksim/.rvm/src/ruby-head'
make[1]: Entering directory '/home/maksim/.rvm/src/ruby-head'
*** Following extensions are not compiled:
dbm:
	Could not be configured. It will not be installed.
	Check ext/dbm/mkmf.log for more details.
*** Fix the problems, then remove these directories and try again if you want.
make[1]: Leaving directory '/home/maksim/.rvm/src/ruby-head'
making enc
make[1]: Entering directory '/home/maksim/.rvm/src/ruby-head'
make[1]: Nothing to be done for 'enc'.
make[1]: Leaving directory '/home/maksim/.rvm/src/ruby-head'
making trans
make[1]: Entering directory '/home/maksim/.rvm/src/ruby-head'
make[1]: Nothing to be done for './enc/trans'.
make[1]: Leaving directory '/home/maksim/.rvm/src/ruby-head'
making encs
make[1]: Entering directory '/home/maksim/.rvm/src/ruby-head'
make[1]: Nothing to be done for 'encs'.
make[1]: Leaving directory '/home/maksim/.rvm/src/ruby-head'
./miniruby -I./lib -I. -I.ext/common  ./tool/runruby.rb --extout=.ext  -- --disable-gems -r./x86_64-linux-fake ./tool/rbinstall.rb --make="make" --dest-dir="" --extout=".ext" --mflags="" --make-flags="" --data-mode=0644 --prog-mode=0755 --installed-list .installed.list --mantype="doc" --exclude=doc
installing binary commands:         /home/maksim/.rvm/rubies/ruby-head/bin
installing base libraries:          /home/maksim/.rvm/rubies/ruby-head/lib
installing arch files:              /home/maksim/.rvm/rubies/ruby-head/lib/ruby/2.8.0/x86_64-linux
installing pkgconfig data:          /home/maksim/.rvm/rubies/ruby-head/lib/pkgconfig
installing extension objects:       /home/maksim/.rvm/rubies/ruby-head/lib/ruby/2.8.0/x86_64-linux
installing extension objects:       /home/maksim/.rvm/rubies/ruby-head/lib/ruby/site_ruby/2.8.0/x86_64-linux
installing extension objects:       /home/maksim/.rvm/rubies/ruby-head/lib/ruby/vendor_ruby/2.8.0/x86_64-linux
installing extension headers:       /home/maksim/.rvm/rubies/ruby-head/include/ruby-2.8.0/x86_64-linux
installing extension scripts:       /home/maksim/.rvm/rubies/ruby-head/lib/ruby/2.8.0
installing extension scripts:       /home/maksim/.rvm/rubies/ruby-head/lib/ruby/site_ruby/2.8.0
installing extension scripts:       /home/maksim/.rvm/rubies/ruby-head/lib/ruby/vendor_ruby/2.8.0
installing extension headers:       /home/maksim/.rvm/rubies/ruby-head/include/ruby-2.8.0/ruby
installing command scripts:         /home/maksim/.rvm/rubies/ruby-head/bin
installing library scripts:         /home/maksim/.rvm/rubies/ruby-head/lib/ruby/2.8.0
installing common headers:          /home/maksim/.rvm/rubies/ruby-head/include/ruby-2.8.0
installing manpages:                /home/maksim/.rvm/rubies/ruby-head/share/man (man1, man5)
installing default gems from lib:   /home/maksim/.rvm/rubies/ruby-head/lib/ruby/gems/2.8.0 (build_info, cache, doc, extensions, gems, plugins, specifications)
                                    English 0.1.0
                                    benchmark 0.1.0
                                    bundler 2.1.4
                                    cgi 0.1.0
                                    csv 3.1.2
                                    delegate 0.1.0
                                    did_you_mean 1.4.0
                                    fileutils 1.4.1
                                    forwardable 1.3.1
                                    getoptlong 0.1.0
                                    ipaddr 1.2.2
                                    irb 1.2.3
                                    logger 1.4.2
                                    matrix 0.2.0
                                    mutex_m 0.1.0
                                    net-ftp 0.1.0
                                    net-http 0.1.0
                                    net-imap 0.1.0
                                    net-pop 0.1.0
                                    net-protocol 0.1.0
                                    net-smtp 0.1.0
                                    observer 0.1.0
                                    open3 0.1.0
                                    ostruct 0.2.0
                                    prime 0.1.1
                                    pstore 0.1.0
                                    racc 1.4.16
                                    rdoc 6.2.1
                                    readline 0.0.2
                                    reline 0.1.3
                                    singleton 0.1.0
                                    tempfile 0.1.0
                                    timeout 0.1.0
                                    tmpdir 0.1.0
                                    tracer 0.1.0
                                    uri 0.10.0
                                    weakref 0.1.0
                                    webrick 1.6.0
                                    yaml 0.1.0
installing default gems from ext:   /home/maksim/.rvm/rubies/ruby-head/lib/ruby/gems/2.8.0 (build_info, cache, doc, extensions, gems, plugins, specifications)
                                    bigdecimal 2.0.0
                                    date 3.0.0
                                    etc 1.1.0
                                    fcntl 1.0.0
                                    fiddle 1.0.0
                                    gdbm 2.1.0
                                    io-console 0.5.6
                                    json 2.3.0
                                    openssl 2.2.0
                                    psych 3.1.0
                                    readline-ext 0.1.0
                                    sdbm 1.0.0
                                    stringio 0.1.0
                                    strscan 1.0.3
                                    zlib 1.1.0
installing bundled gems:            /home/maksim/.rvm/rubies/ruby-head/lib/ruby/gems/2.8.0 (build_info, cache, doc, extensions, gems, plugins, specifications)
